nohup: ignoring input
2020-12-29 15:48:16.276525: I tensorflow_serving/model_servers/server.cc:88] Building single TensorFlow model file config:  model_name: test_model_BERT model_base_path: /home/matt/Projects/livenlp/bots/models/test_model_BERT
2020-12-29 15:48:16.276662: I tensorflow_serving/model_servers/server_core.cc:464] Adding/updating models.
2020-12-29 15:48:16.276691: I tensorflow_serving/model_servers/server_core.cc:587]  (Re-)adding model: test_model_BERT
2020-12-29 15:48:16.377416: I tensorflow_serving/core/basic_manager.cc:740] Successfully reserved resources to load servable {name: test_model_BERT version: 1}
2020-12-29 15:48:16.377471: I tensorflow_serving/core/loader_harness.cc:66] Approving load for servable version {name: test_model_BERT version: 1}
2020-12-29 15:48:16.377493: I tensorflow_serving/core/loader_harness.cc:74] Loading servable version {name: test_model_BERT version: 1}
2020-12-29 15:48:16.377552: I external/org_tensorflow/tensorflow/cc/saved_model/reader.cc:32] Reading SavedModel from: /home/matt/Projects/livenlp/bots/models/test_model_BERT/1
2020-12-29 15:48:16.554878: I external/org_tensorflow/tensorflow/cc/saved_model/reader.cc:55] Reading meta graph with tags { serve }
2020-12-29 15:48:16.554914: I external/org_tensorflow/tensorflow/cc/saved_model/reader.cc:93] Reading SavedModel debug info (if present) from: /home/matt/Projects/livenlp/bots/models/test_model_BERT/1
2020-12-29 15:48:16.554989: I external/org_tensorflow/tensorflow/core/platform/cpu_feature_guard.cc:142] This TensorFlow binary is optimized with oneAPI Deep Neural Network Library (oneDNN) to use the following CPU instructions in performance-critical operations:  AVX2 FMA
To enable them in other operations, rebuild TensorFlow with the appropriate compiler flags.
2020-12-29 15:48:17.098438: I external/org_tensorflow/tensorflow/cc/saved_model/loader.cc:206] Restoring SavedModel bundle.
2020-12-29 15:48:17.190089: I external/org_tensorflow/tensorflow/core/platform/profile_utils/cpu_utils.cc:112] CPU Frequency: 2499950000 Hz
2020-12-29 15:48:17.850007: I external/org_tensorflow/tensorflow/cc/saved_model/loader.cc:190] Running initialization op on SavedModel bundle at path: /home/matt/Projects/livenlp/bots/models/test_model_BERT/1
2020-12-29 15:48:18.212614: I external/org_tensorflow/tensorflow/cc/saved_model/loader.cc:277] SavedModel load for tags { serve }; Status: success: OK. Took 1835056 microseconds.
2020-12-29 15:48:18.256566: I tensorflow_serving/servables/tensorflow/saved_model_warmup_util.cc:59] No warmup data file found at /home/matt/Projects/livenlp/bots/models/test_model_BERT/1/assets.extra/tf_serving_warmup_requests
2020-12-29 15:48:18.321888: I tensorflow_serving/core/loader_harness.cc:87] Successfully loaded servable version {name: test_model_BERT version: 1}
2020-12-29 15:48:18.323337: I tensorflow_serving/model_servers/server.cc:371] Running gRPC ModelServer at 0.0.0.0:8500 ...
2020-12-29 15:48:18.323896: I tensorflow_serving/model_servers/server.cc:391] Exporting HTTP/REST API at:localhost:8501 ...
[evhttp_server.cc : 238] NET_LOG: Entering the event loop ...
